<?xml version="1.0" encoding="UTF-8"?>
<testsuite name="org.elasticsearch.search.search.SearchTests" tests="1" skipped="0" failures="0" errors="0" timestamp="2020-04-12T15:20:23" hostname="mpdreamz-laptop" time="49.678">
  <properties/>
  <testcase name="X" classname="org.elasticsearch.search.search.SearchTests" time="49.678"/>
  <system-out><![CDATA[]]></system-out>
  <system-err><![CDATA[]]></system-err>
</testsuite>
